
[2023-05-25 18:24:23] [ ERROR] [PacienteDaoH2:46] La base de datos puede que ya esté siendo utilizada: "C:/Users/Martin/parcial.mv.db". Soluciones Posibles: cierre todas las otras conexiones; use el modo server
Database may be already in use: "C:/Users/Martin/parcial.mv.db". Possible solutions: close all other connection(s); use the server mode [90020-214]
[2023-05-25 18:24:23] [ ERROR] [PacienteDaoH2:62] Ha ocurrido un error al intentar cerrar la bdd. Cannot invoke "java.sql.Connection.close()" because "connection" is null
[2023-05-25 18:24:23] [ ERROR] [PacienteDaoH2:115] La base de datos puede que ya esté siendo utilizada: "C:/Users/Martin/parcial.mv.db". Soluciones Posibles: cierre todas las otras conexiones; use el modo server
Database may be already in use: "C:/Users/Martin/parcial.mv.db". Possible solutions: close all other connection(s); use the server mode [90020-214]
[2023-05-25 18:24:23] [ ERROR] [PacienteDaoH2:131] Ha ocurrido un error al intentar cerrar la bdd. Cannot invoke "java.sql.Connection.close()" because "connection" is null
[2023-05-25 18:24:23] [ ERROR] [PacienteDaoH2:154] La base de datos puede que ya esté siendo utilizada: "C:/Users/Martin/parcial.mv.db". Soluciones Posibles: cierre todas las otras conexiones; use el modo server
Database may be already in use: "C:/Users/Martin/parcial.mv.db". Possible solutions: close all other connection(s); use the server mode [90020-214]
[2023-05-25 18:24:23] [ ERROR] [PacienteDaoH2:160] Ha ocurrido un error al intentar cerrar la bdd. Cannot invoke "java.sql.Connection.close()" because "connection" is null
[2023-05-25 18:24:23] [ ERROR] [PacienteDaoH2:87] La base de datos puede que ya esté siendo utilizada: "C:/Users/Martin/parcial.mv.db". Soluciones Posibles: cierre todas las otras conexiones; use el modo server
Database may be already in use: "C:/Users/Martin/parcial.mv.db". Possible solutions: close all other connection(s); use the server mode [90020-214]
[2023-05-25 18:24:23] [ ERROR] [PacienteDaoH2:94] Ha ocurrido un error al intentar cerrar la bdd. Cannot invoke "java.sql.Connection.close()" because "connection" is null
[2023-05-25 18:24:50] [ ERROR] [PacienteDaoH2:46] La base de datos puede que ya esté siendo utilizada: "C:/Users/Martin/parcial.mv.db". Soluciones Posibles: cierre todas las otras conexiones; use el modo server
Database may be already in use: "C:/Users/Martin/parcial.mv.db". Possible solutions: close all other connection(s); use the server mode [90020-214]
[2023-05-25 18:24:50] [ ERROR] [PacienteDaoH2:62] Ha ocurrido un error al intentar cerrar la bdd. Cannot invoke "java.sql.Connection.close()" because "connection" is null
[2023-05-25 18:24:50] [ ERROR] [PacienteDaoH2:115] La base de datos puede que ya esté siendo utilizada: "C:/Users/Martin/parcial.mv.db". Soluciones Posibles: cierre todas las otras conexiones; use el modo server
Database may be already in use: "C:/Users/Martin/parcial.mv.db". Possible solutions: close all other connection(s); use the server mode [90020-214]
[2023-05-25 18:24:50] [ ERROR] [PacienteDaoH2:131] Ha ocurrido un error al intentar cerrar la bdd. Cannot invoke "java.sql.Connection.close()" because "connection" is null
[2023-05-25 18:24:50] [ ERROR] [PacienteDaoH2:154] La base de datos puede que ya esté siendo utilizada: "C:/Users/Martin/parcial.mv.db". Soluciones Posibles: cierre todas las otras conexiones; use el modo server
Database may be already in use: "C:/Users/Martin/parcial.mv.db". Possible solutions: close all other connection(s); use the server mode [90020-214]
[2023-05-25 18:24:50] [ ERROR] [PacienteDaoH2:160] Ha ocurrido un error al intentar cerrar la bdd. Cannot invoke "java.sql.Connection.close()" because "connection" is null
[2023-05-25 18:24:50] [ ERROR] [PacienteDaoH2:87] La base de datos puede que ya esté siendo utilizada: "C:/Users/Martin/parcial.mv.db". Soluciones Posibles: cierre todas las otras conexiones; use el modo server
Database may be already in use: "C:/Users/Martin/parcial.mv.db". Possible solutions: close all other connection(s); use the server mode [90020-214]
[2023-05-25 18:24:50] [ ERROR] [PacienteDaoH2:94] Ha ocurrido un error al intentar cerrar la bdd. Cannot invoke "java.sql.Connection.close()" because "connection" is null
[2023-05-25 18:25:45] [ ERROR] [PacienteDaoH2:46] La base de datos puede que ya esté siendo utilizada: "C:/Users/Martin/parcial.mv.db". Soluciones Posibles: cierre todas las otras conexiones; use el modo server
Database may be already in use: "C:/Users/Martin/parcial.mv.db". Possible solutions: close all other connection(s); use the server mode [90020-214]
[2023-05-25 18:25:45] [ ERROR] [PacienteDaoH2:62] Ha ocurrido un error al intentar cerrar la bdd. Cannot invoke "java.sql.Connection.close()" because "connection" is null
[2023-05-25 18:25:45] [ ERROR] [PacienteDaoH2:115] La base de datos puede que ya esté siendo utilizada: "C:/Users/Martin/parcial.mv.db". Soluciones Posibles: cierre todas las otras conexiones; use el modo server
Database may be already in use: "C:/Users/Martin/parcial.mv.db". Possible solutions: close all other connection(s); use the server mode [90020-214]
[2023-05-25 18:25:45] [ ERROR] [PacienteDaoH2:131] Ha ocurrido un error al intentar cerrar la bdd. Cannot invoke "java.sql.Connection.close()" because "connection" is null
[2023-05-25 18:25:45] [ ERROR] [PacienteDaoH2:154] La base de datos puede que ya esté siendo utilizada: "C:/Users/Martin/parcial.mv.db". Soluciones Posibles: cierre todas las otras conexiones; use el modo server
Database may be already in use: "C:/Users/Martin/parcial.mv.db". Possible solutions: close all other connection(s); use the server mode [90020-214]
[2023-05-25 18:25:45] [ ERROR] [PacienteDaoH2:160] Ha ocurrido un error al intentar cerrar la bdd. Cannot invoke "java.sql.Connection.close()" because "connection" is null
[2023-05-25 18:25:45] [ ERROR] [PacienteDaoH2:87] La base de datos puede que ya esté siendo utilizada: "C:/Users/Martin/parcial.mv.db". Soluciones Posibles: cierre todas las otras conexiones; use el modo server
Database may be already in use: "C:/Users/Martin/parcial.mv.db". Possible solutions: close all other connection(s); use the server mode [90020-214]
[2023-05-25 18:25:45] [ ERROR] [PacienteDaoH2:94] Ha ocurrido un error al intentar cerrar la bdd. Cannot invoke "java.sql.Connection.close()" because "connection" is null
[2023-05-25 18:26:15] [ ERROR] [PacienteDaoH2:115] La base de datos puede que ya esté siendo utilizada: "C:/Users/Martin/parcial.mv.db". Soluciones Posibles: cierre todas las otras conexiones; use el modo server
Database may be already in use: "C:/Users/Martin/parcial.mv.db". Possible solutions: close all other connection(s); use the server mode [90020-214]
[2023-05-25 18:26:15] [ ERROR] [PacienteDaoH2:131] Ha ocurrido un error al intentar cerrar la bdd. Cannot invoke "java.sql.Connection.close()" because "connection" is null
[2023-05-25 18:26:15] [ ERROR] [PacienteDaoH2:154] La base de datos puede que ya esté siendo utilizada: "C:/Users/Martin/parcial.mv.db". Soluciones Posibles: cierre todas las otras conexiones; use el modo server
Database may be already in use: "C:/Users/Martin/parcial.mv.db". Possible solutions: close all other connection(s); use the server mode [90020-214]
[2023-05-25 18:26:15] [ ERROR] [PacienteDaoH2:160] Ha ocurrido un error al intentar cerrar la bdd. Cannot invoke "java.sql.Connection.close()" because "connection" is null
[2023-05-25 18:26:22] [ ERROR] [PacienteDaoH2:46] La base de datos puede que ya esté siendo utilizada: "C:/Users/Martin/parcial.mv.db". Soluciones Posibles: cierre todas las otras conexiones; use el modo server
Database may be already in use: "C:/Users/Martin/parcial.mv.db". Possible solutions: close all other connection(s); use the server mode [90020-214]
[2023-05-25 18:26:22] [ ERROR] [PacienteDaoH2:62] Ha ocurrido un error al intentar cerrar la bdd. Cannot invoke "java.sql.Connection.close()" because "connection" is null
[2023-05-25 18:26:22] [ ERROR] [PacienteDaoH2:115] La base de datos puede que ya esté siendo utilizada: "C:/Users/Martin/parcial.mv.db". Soluciones Posibles: cierre todas las otras conexiones; use el modo server
Database may be already in use: "C:/Users/Martin/parcial.mv.db". Possible solutions: close all other connection(s); use the server mode [90020-214]
[2023-05-25 18:26:22] [ ERROR] [PacienteDaoH2:131] Ha ocurrido un error al intentar cerrar la bdd. Cannot invoke "java.sql.Connection.close()" because "connection" is null
[2023-05-25 18:26:22] [ ERROR] [PacienteDaoH2:154] La base de datos puede que ya esté siendo utilizada: "C:/Users/Martin/parcial.mv.db". Soluciones Posibles: cierre todas las otras conexiones; use el modo server
Database may be already in use: "C:/Users/Martin/parcial.mv.db". Possible solutions: close all other connection(s); use the server mode [90020-214]
[2023-05-25 18:26:22] [ ERROR] [PacienteDaoH2:160] Ha ocurrido un error al intentar cerrar la bdd. Cannot invoke "java.sql.Connection.close()" because "connection" is null
[2023-05-25 18:26:22] [ ERROR] [PacienteDaoH2:87] La base de datos puede que ya esté siendo utilizada: "C:/Users/Martin/parcial.mv.db". Soluciones Posibles: cierre todas las otras conexiones; use el modo server
Database may be already in use: "C:/Users/Martin/parcial.mv.db". Possible solutions: close all other connection(s); use the server mode [90020-214]
[2023-05-25 18:26:22] [ ERROR] [PacienteDaoH2:94] Ha ocurrido un error al intentar cerrar la bdd. Cannot invoke "java.sql.Connection.close()" because "connection" is null
[2023-05-25 18:27:37] [ ERROR] [DomicilioDaoH2:40] Table "DOMICILIOS" not found (this database is empty); SQL statement:
INSERT INTO DOMICILIOS (CALLE, NUMERO, LOCALIDAD, PROVINCIA) VALUES (?, ?, ?, ?) [42104-214]
[2023-05-25 18:27:37] [ ERROR] [PacienteDaoH2:46] Table "PACIENTES" not found (this database is empty); SQL statement:
INSERT INTO PACIENTES (NOMBRE, APELLIDO, DNI, FECHA, DOMICILIO_ID) VALUES (?, ?, ?, ?, ?) [42104-214]
[2023-05-25 18:27:37] [ ERROR] [PacienteDaoH2:115] Table "PACIENTES" not found (this database is empty); SQL statement:
DELETE FROM PACIENTES WHERE ID = ? [42104-214]
[2023-05-25 18:27:37] [ ERROR] [PacienteDaoH2:154] Table "PACIENTES" not found (this database is empty); SQL statement:
SELECT * FROM PACIENTES WHERE ID = ? [42104-214]
[2023-05-25 18:27:37] [ ERROR] [PacienteDaoH2:87] Table "PACIENTES" not found (this database is empty); SQL statement:
SELECT * FROM PACIENTES [42104-214]
[2023-05-25 18:28:15] [ ERROR] [DomicilioDaoH2:40] Table "DOMICILIOS" not found (this database is empty); SQL statement:
INSERT INTO DOMICILIOS (CALLE, NUMERO, LOCALIDAD, PROVINCIA) VALUES (?, ?, ?, ?) [42104-214]
[2023-05-25 18:28:16] [ ERROR] [PacienteDaoH2:46] Table "PACIENTES" not found (this database is empty); SQL statement:
INSERT INTO PACIENTES (NOMBRE, APELLIDO, DNI, FECHA, DOMICILIO_ID) VALUES (?, ?, ?, ?, ?) [42104-214]
[2023-05-25 18:28:16] [ ERROR] [PacienteDaoH2:115] Table "PACIENTES" not found (this database is empty); SQL statement:
DELETE FROM PACIENTES WHERE ID = ? [42104-214]
[2023-05-25 18:28:16] [ ERROR] [PacienteDaoH2:154] Table "PACIENTES" not found (this database is empty); SQL statement:
SELECT * FROM PACIENTES WHERE ID = ? [42104-214]
[2023-05-25 18:28:16] [ ERROR] [PacienteDaoH2:87] Table "PACIENTES" not found (this database is empty); SQL statement:
SELECT * FROM PACIENTES [42104-214]
[2023-05-25 18:29:17] [ INFO ] [DomicilioDaoH2:37] Se ha registrado el domicilio: Id: 3 - Calle: Calle - Numero: 13 - Localidad: Localidad - Provincia: Provincia
[2023-05-25 18:29:17] [ INFO ] [PacienteDaoH2:43] Se ha registrado el paciente: Id: 3 - Nombre: Nombre - Apellido: Apellido - DNI: 123456 - Fechas de ingreso: 2023-05-02 - Domicilio: Id: 3 - Calle: Calle - Numero: 13 - Localidad: Localidad - Provincia: Provincia
[2023-05-25 18:29:17] [ INFO ] [PacienteDaoH2:112] Se ha eliminado el paciente con id: 3
[2023-05-25 18:29:17] [ INFO ] [PacienteDaoH2:150] Se ha encontrado el paciente con id 3: null
[2023-05-25 18:29:17] [ INFO ] [DomicilioDaoH2:147] Se ha encontrado el domicilio: Id: 1 - Calle: Av Siempre Viva - Numero: 742 - Localidad: Springfield - Provincia: Massachusetts
[2023-05-25 18:29:17] [ INFO ] [DomicilioDaoH2:147] Se ha encontrado el domicilio: Id: 2 - Calle: Calle Wallaby - Numero: 42 - Localidad: Sydney - Provincia: Nueva Gales del Sur
[2023-05-25 18:29:17] [ INFO ] [PacienteDaoH2:84] Listado de todos los pacientes: [Id: 1 - Nombre: Emiliano - Apellido: Cellilli - DNI: 35464856 - Fechas de ingreso: 2023-05-24 - Domicilio: Id: 1 - Calle: Av Siempre Viva - Numero: 742 - Localidad: Springfield - Provincia: Massachusetts, Id: 2 - Nombre: Pablo - Apellido: Clemente - DNI: 3548546 - Fechas de ingreso: 2023-05-24 - Domicilio: Id: 2 - Calle: Calle Wallaby - Numero: 42 - Localidad: Sydney - Provincia: Nueva Gales del Sur]
[2023-05-25 18:29:38] [ INFO ] [DomicilioDaoH2:37] Se ha registrado el domicilio: Id: 4 - Calle: Calle - Numero: 13 - Localidad: Localidad - Provincia: Provincia
[2023-05-25 18:29:38] [ INFO ] [PacienteDaoH2:43] Se ha registrado el paciente: Id: 4 - Nombre: Nombre - Apellido: Apellido - DNI: 123456 - Fechas de ingreso: 2023-05-02 - Domicilio: Id: 4 - Calle: Calle - Numero: 13 - Localidad: Localidad - Provincia: Provincia
[2023-05-25 18:29:38] [ INFO ] [PacienteDaoH2:112] Se ha eliminado el paciente con id: 3
[2023-05-25 18:29:38] [ INFO ] [PacienteDaoH2:150] Se ha encontrado el paciente con id 3: null
[2023-05-25 18:29:38] [ INFO ] [DomicilioDaoH2:147] Se ha encontrado el domicilio: Id: 1 - Calle: Av Siempre Viva - Numero: 742 - Localidad: Springfield - Provincia: Massachusetts
[2023-05-25 18:29:38] [ INFO ] [DomicilioDaoH2:147] Se ha encontrado el domicilio: Id: 2 - Calle: Calle Wallaby - Numero: 42 - Localidad: Sydney - Provincia: Nueva Gales del Sur
[2023-05-25 18:29:38] [ INFO ] [DomicilioDaoH2:147] Se ha encontrado el domicilio: Id: 4 - Calle: Calle - Numero: 13 - Localidad: Localidad - Provincia: Provincia
[2023-05-25 18:29:38] [ INFO ] [PacienteDaoH2:84] Listado de todos los pacientes: [Id: 1 - Nombre: Emiliano - Apellido: Cellilli - DNI: 35464856 - Fechas de ingreso: 2023-05-24 - Domicilio: Id: 1 - Calle: Av Siempre Viva - Numero: 742 - Localidad: Springfield - Provincia: Massachusetts, Id: 2 - Nombre: Pablo - Apellido: Clemente - DNI: 3548546 - Fechas de ingreso: 2023-05-24 - Domicilio: Id: 2 - Calle: Calle Wallaby - Numero: 42 - Localidad: Sydney - Provincia: Nueva Gales del Sur, Id: 4 - Nombre: Nombre - Apellido: Apellido - DNI: 123456 - Fechas de ingreso: 2023-05-02 - Domicilio: Id: 4 - Calle: Calle - Numero: 13 - Localidad: Localidad - Provincia: Provincia]
[2023-05-25 20:42:54] [ INFO ] [OdontologoDaoH2:16] Se agregó el odontologo com.backend.entity.Odontologo@cd3fee8
[2023-05-25 20:42:54] [ INFO ] [OdontologoDaoH2:16] Se agregó el odontologo com.backend.entity.Odontologo@5a63f509
[2023-05-25 20:42:54] [ INFO ] [OdontologoDaoH2:23] 123123-CARLOS-ASDAD
[2023-05-25 20:42:54] [ INFO ] [OdontologoDaoH2:23] 432423-MATIAS-DSADAD
